17:52:46.834 INFO  --- [restartedMain] c.p.example.ProjectMallApplication : Starting ProjectMallApplication using Java 15.0.2 on DESKTOP-L9PD5HT with PID 27708 (C:\STS\contents\workspace\project_mall\bin\main started by User in C:\STS\contents\workspace\project_mall) 
17:52:46.837 DEBUG --- [restartedMain] c.p.example.ProjectMallApplication : Running with Spring Boot v2.5.2, Spring v5.3.8 
17:52:46.837 INFO  --- [restartedMain] c.p.example.ProjectMallApplication : The following profiles are active: local 
17:52:48.355 DEBUG --- [restartedMain] c.p.example.config.AuthTokenFilter : Filter 'authenticationJwtTokenFilter' configured for use 
17:52:48.870 INFO  --- [restartedMain] c.p.example.ProjectMallApplication : Started ProjectMallApplication in 2.453 seconds (JVM running for 3.271) 
18:03:49.156 ERROR --- [http-nio-9100-exec-2] com.project.example.config.JwtUtils : JWT token is expired: JWT expired at 2021-08-02T18:53:35Z. Current time: 2021-08-04T18:03:49Z, a difference of 169814156 milliseconds.  Allowed clock skew: 0 milliseconds. 
18:03:49.394 DEBUG --- [http-nio-9100-exec-2] c.p.e.m.ProductMapper.imageByRank : ==>  Preparing: SELECT pi_unique AS image, ta.p_id as id, ta.order_count, tb.p_name AS name, tb.p_price as price FROM product_img LEFT JOIN (SELECT p_id, SUM(od_count) order_count FROM order_detail GROUP BY p_id) ta ON ta.p_id = product_img.p_id LEFT JOIN product tb ON tb.p_id = ta.p_id ORDER BY order_count DESC 
18:03:49.415 DEBUG --- [http-nio-9100-exec-2] c.p.e.m.ProductMapper.imageByRank : ==> Parameters:  
18:03:49.445 TRACE --- [http-nio-9100-exec-2] c.p.e.m.ProductMapper.imageByRank : <==    Columns: image, id, order_count, name, price 
18:03:49.445 TRACE --- [http-nio-9100-exec-2] c.p.e.m.ProductMapper.imageByRank : <==        Row: 20210716_1038513, 6, 13, 회색 셔츠, 25000 
18:03:49.447 TRACE --- [http-nio-9100-exec-2] c.p.e.m.ProductMapper.imageByRank : <==        Row: 20210716_1034622, 4, 12, 흰색긴팔티셔츠, 10000 
18:03:49.447 TRACE --- [http-nio-9100-exec-2] c.p.e.m.ProductMapper.imageByRank : <==        Row: 20210716_1041215, 8, 6, 검정 슬랙스, 30000 
18:03:49.447 TRACE --- [http-nio-9100-exec-2] c.p.e.m.ProductMapper.imageByRank : <==        Row: 20210716_1038392, 5, 3, 흰색 셔츠, 15000 
18:03:49.448 TRACE --- [http-nio-9100-exec-2] c.p.e.m.ProductMapper.imageByRank : <==        Row: 2, 3, 2, 반팔티셔츠, 100 
18:03:49.448 TRACE --- [http-nio-9100-exec-2] c.p.e.m.ProductMapper.imageByRank : <==        Row: 3, null, null, null, null 
18:03:49.448 TRACE --- [http-nio-9100-exec-2] c.p.e.m.ProductMapper.imageByRank : <==        Row: 20210723_0933694, null, null, null, null 
18:03:49.448 TRACE --- [http-nio-9100-exec-2] c.p.e.m.ProductMapper.imageByRank : <==        Row: 20210715_1049258, null, null, null, null 
18:03:49.448 TRACE --- [http-nio-9100-exec-2] c.p.e.m.ProductMapper.imageByRank : <==        Row: 20210723_0935781, null, null, null, null 
18:03:49.448 TRACE --- [http-nio-9100-exec-2] c.p.e.m.ProductMapper.imageByRank : <==        Row: 20210723_0930980, null, null, null, null 
18:03:49.449 TRACE --- [http-nio-9100-exec-2] c.p.e.m.ProductMapper.imageByRank : <==        Row: 20210723_0932213, null, null, null, null 
18:03:49.449 TRACE --- [http-nio-9100-exec-2] c.p.e.m.ProductMapper.imageByRank : <==        Row: 20210715_1047214, null, null, null, null 
18:03:49.449 TRACE --- [http-nio-9100-exec-2] c.p.e.m.ProductMapper.imageByRank : <==        Row: 20210723_0935917, null, null, null, null 
18:03:49.449 TRACE --- [http-nio-9100-exec-2] c.p.e.m.ProductMapper.imageByRank : <==        Row: 20210716_103900, null, null, null, null 
18:03:49.449 TRACE --- [http-nio-9100-exec-2] c.p.e.m.ProductMapper.imageByRank : <==        Row: 20210716_1042256, null, null, null, null 
18:03:49.450 TRACE --- [http-nio-9100-exec-2] c.p.e.m.ProductMapper.imageByRank : <==        Row: 20210723_0931614, null, null, null, null 
18:03:49.451 TRACE --- [http-nio-9100-exec-2] c.p.e.m.ProductMapper.imageByRank : <==        Row: 20210723_0934988, null, null, null, null 
18:03:49.451 TRACE --- [http-nio-9100-exec-2] c.p.e.m.ProductMapper.imageByRank : <==        Row: 20210715_1053209, null, null, null, null 
18:03:49.451 TRACE --- [http-nio-9100-exec-2] c.p.e.m.ProductMapper.imageByRank : <==        Row: 20210716_1042423, null, null, null, null 
18:03:49.451 TRACE --- [http-nio-9100-exec-2] c.p.e.m.ProductMapper.imageByRank : <==        Row: 20210723_0930534, null, null, null, null 
18:03:49.451 DEBUG --- [http-nio-9100-exec-2] c.p.e.m.ProductMapper.imageByRank : <==      Total: 20 
18:03:57.425 ERROR --- [http-nio-9100-exec-4] com.project.example.config.JwtUtils : JWT token is expired: JWT expired at 2021-08-02T18:53:35Z. Current time: 2021-08-04T18:03:57Z, a difference of 169822425 milliseconds.  Allowed clock skew: 0 milliseconds. 
18:03:57.433 DEBUG --- [http-nio-9100-exec-4] c.p.e.mapper.ProductMapper.imageTop : ==>  Preparing: SELECT pi_unique AS image, ta.p_name AS name, ta.p_id as id FROM product_img JOIN (SELECT p_name, p_id FROM product WHERE p_category LIKE CONCAT(10, '%')) ta ON product_img.p_id = ta.p_id 
18:03:57.433 DEBUG --- [http-nio-9100-exec-4] c.p.e.mapper.ProductMapper.imageTop : ==> Parameters:  
18:03:57.442 TRACE --- [http-nio-9100-exec-4] c.p.e.mapper.ProductMapper.imageTop : <==    Columns: image, name, id 
18:03:57.442 TRACE --- [http-nio-9100-exec-4] c.p.e.mapper.ProductMapper.imageTop : <==        Row: 3, 남색 긴팔티셔츠, 2 
18:03:57.442 TRACE --- [http-nio-9100-exec-4] c.p.e.mapper.ProductMapper.imageTop : <==        Row: 2, 반팔티셔츠, 3 
18:03:57.443 TRACE --- [http-nio-9100-exec-4] c.p.e.mapper.ProductMapper.imageTop : <==        Row: 20210716_1034622, 흰색긴팔티셔츠, 4 
18:03:57.443 TRACE --- [http-nio-9100-exec-4] c.p.e.mapper.ProductMapper.imageTop : <==        Row: 20210716_1038392, 흰색 셔츠, 5 
18:03:57.443 TRACE --- [http-nio-9100-exec-4] c.p.e.mapper.ProductMapper.imageTop : <==        Row: 20210716_1038513, 회색 셔츠, 6 
18:03:57.443 TRACE --- [http-nio-9100-exec-4] c.p.e.mapper.ProductMapper.imageTop : <==        Row: 20210723_0930980, 페인팅 반팔티셔츠, 14 
18:03:57.443 TRACE --- [http-nio-9100-exec-4] c.p.e.mapper.ProductMapper.imageTop : <==        Row: 20210723_0930534, 해골무늬 반팔티셔츠, 15 
18:03:57.443 TRACE --- [http-nio-9100-exec-4] c.p.e.mapper.ProductMapper.imageTop : <==        Row: 20210723_0931614, 기능성 반팔티셔츠, 16 
18:03:57.443 TRACE --- [http-nio-9100-exec-4] c.p.e.mapper.ProductMapper.imageTop : <==        Row: 20210723_0932213, 검정색 반팔티셔츠, 17 
18:03:57.444 TRACE --- [http-nio-9100-exec-4] c.p.e.mapper.ProductMapper.imageTop : <==        Row: 20210723_0933694, 흰색 긴팔티셔츠, 18 
18:03:57.444 TRACE --- [http-nio-9100-exec-4] c.p.e.mapper.ProductMapper.imageTop : <==        Row: 20210723_0934988, 긴팔셔츠, 19 
18:03:57.444 TRACE --- [http-nio-9100-exec-4] c.p.e.mapper.ProductMapper.imageTop : <==        Row: 20210723_0935917, 삼선무늬 긴팔티셔츠, 20 
18:03:57.445 TRACE --- [http-nio-9100-exec-4] c.p.e.mapper.ProductMapper.imageTop : <==        Row: 20210723_0935781, 흰색긴팔셔츠2, 21 
18:03:57.445 DEBUG --- [http-nio-9100-exec-4] c.p.e.mapper.ProductMapper.imageTop : <==      Total: 13 
18:04:01.264 ERROR --- [http-nio-9100-exec-6] com.project.example.config.JwtUtils : JWT token is expired: JWT expired at 2021-08-02T18:53:35Z. Current time: 2021-08-04T18:04:01Z, a difference of 169826264 milliseconds.  Allowed clock skew: 0 milliseconds. 
18:04:01.273 DEBUG --- [http-nio-9100-exec-6] c.p.e.m.ProductMapper.imagePants : ==>  Preparing: SELECT pi_unique AS image, ta.p_name AS name, ta.p_id as id FROM product_img JOIN (SELECT p_name, p_id FROM product WHERE p_category LIKE CONCAT(20, '%')) ta ON product_img.p_id = ta.p_id 
18:04:01.273 DEBUG --- [http-nio-9100-exec-6] c.p.e.m.ProductMapper.imagePants : ==> Parameters:  
18:04:01.281 TRACE --- [http-nio-9100-exec-6] c.p.e.m.ProductMapper.imagePants : <==    Columns: image, name, id 
18:04:01.281 TRACE --- [http-nio-9100-exec-6] c.p.e.m.ProductMapper.imagePants : <==        Row: 20210715_1047214, 반바지, 10 
18:04:01.282 TRACE --- [http-nio-9100-exec-6] c.p.e.m.ProductMapper.imagePants : <==        Row: 20210715_1049258, 반바지2, 11 
18:04:01.282 TRACE --- [http-nio-9100-exec-6] c.p.e.m.ProductMapper.imagePants : <==        Row: 20210715_1053209, 청바지, 12 
18:04:01.282 TRACE --- [http-nio-9100-exec-6] c.p.e.m.ProductMapper.imagePants : <==        Row: 20210716_103900, 흰청바지, 7 
18:04:01.282 TRACE --- [http-nio-9100-exec-6] c.p.e.m.ProductMapper.imagePants : <==        Row: 20210716_1041215, 검정 슬랙스, 8 
18:04:01.282 TRACE --- [http-nio-9100-exec-6] c.p.e.m.ProductMapper.imagePants : <==        Row: 20210716_1042423, 갈색 슬랙스, 9 
18:04:01.282 TRACE --- [http-nio-9100-exec-6] c.p.e.m.ProductMapper.imagePants : <==        Row: 20210716_1042256, 국방색 면바지, 13 
18:04:01.282 DEBUG --- [http-nio-9100-exec-6] c.p.e.m.ProductMapper.imagePants : <==      Total: 7 
18:04:01.629 ERROR --- [http-nio-9100-exec-8] com.project.example.config.JwtUtils : JWT token is expired: JWT expired at 2021-08-02T18:53:35Z. Current time: 2021-08-04T18:04:01Z, a difference of 169826629 milliseconds.  Allowed clock skew: 0 milliseconds. 
18:04:01.653 DEBUG --- [http-nio-9100-exec-8] c.p.e.mapper.BoardMapper.countBoard : ==>  Preparing: SELECT COUNT(*) count FROM board 
18:04:01.653 DEBUG --- [http-nio-9100-exec-8] c.p.e.mapper.BoardMapper.countBoard : ==> Parameters:  
18:04:01.660 TRACE --- [http-nio-9100-exec-8] c.p.e.mapper.BoardMapper.countBoard : <==    Columns: count 
18:04:01.661 TRACE --- [http-nio-9100-exec-8] c.p.e.mapper.BoardMapper.countBoard : <==        Row: 7 
18:04:01.662 DEBUG --- [http-nio-9100-exec-8] c.p.e.mapper.BoardMapper.countBoard : <==      Total: 1 
18:04:01.663 DEBUG --- [http-nio-9100-exec-8] c.p.e.m.BoardMapper.selectBoardList : ==>  Preparing: SELECT @ROWNUM := @ROWNUM - 1 AS ROWNUM, ta.*, tb.user_id, tb.user_name FROM board ta LEFT JOIN user tb ON ta.user_id = tb.user_id, (SELECT @rownum := (SELECT COUNT(*)-?+1 FROM board ta)) tc ORDER BY a_group DESC, a_order DESC LIMIT ?,5 
18:04:01.664 DEBUG --- [http-nio-9100-exec-8] c.p.e.m.BoardMapper.selectBoardList : ==> Parameters: 0(Integer), 0(Integer) 
18:04:01.675 TRACE --- [http-nio-9100-exec-8] c.p.e.m.BoardMapper.selectBoardList : <==    Columns: ROWNUM, a_idx, a_title, a_count, a_content, a_group, a_order, a_depth, a_date, user_id, user_id, user_name 
18:04:01.676 TRACE --- [http-nio-9100-exec-8] c.p.e.m.BoardMapper.selectBoardList : <==        Row: 7.0, 195, 회원탈퇴를 하고 싶어요, 3, <<BLOB>>, 195, 2, 1, 2021-07-23 09:49:51, c, c, 사용자2 
18:04:01.677 TRACE --- [http-nio-9100-exec-8] c.p.e.m.BoardMapper.selectBoardList : <==        Row: 6.0, 197, 회원탈퇴 관련 답변, 1, <<BLOB>>, 195, 1, 2, 2021-07-23 09:50:38, cju, cju, 관리자 
18:04:01.678 TRACE --- [http-nio-9100-exec-8] c.p.e.m.BoardMapper.selectBoardList : <==        Row: 5.0, 199, 완료되었습니다., 0, <<BLOB>>, 195, 0, 3, 2021-08-02 10:41:34, cju, cju, 관리자 
18:04:01.679 TRACE --- [http-nio-9100-exec-8] c.p.e.m.BoardMapper.selectBoardList : <==        Row: 4.0, 194, 환불 하고 싶어요, 0, <<BLOB>>, 194, 0, 1, 2021-07-23 09:49:27, c, c, 사용자2 
18:04:01.680 TRACE --- [http-nio-9100-exec-8] c.p.e.m.BoardMapper.selectBoardList : <==        Row: 3.0, 193, 재고 언제쯤 들어오나요?, 3, <<BLOB>>, 193, 0, 1, 2021-07-23 09:49:08, c, c, 사용자2 
18:04:01.681 DEBUG --- [http-nio-9100-exec-8] c.p.e.m.BoardMapper.selectBoardList : <==      Total: 5 
18:04:21.084 DEBUG --- [http-nio-9100-exec-9] c.p.e.mapper.BoardMapper.countBoard : ==>  Preparing: SELECT COUNT(*) count FROM board 
18:04:21.084 DEBUG --- [http-nio-9100-exec-9] c.p.e.mapper.BoardMapper.countBoard : ==> Parameters:  
18:04:21.092 TRACE --- [http-nio-9100-exec-9] c.p.e.mapper.BoardMapper.countBoard : <==    Columns: count 
18:04:21.092 TRACE --- [http-nio-9100-exec-9] c.p.e.mapper.BoardMapper.countBoard : <==        Row: 7 
18:04:21.092 DEBUG --- [http-nio-9100-exec-9] c.p.e.mapper.BoardMapper.countBoard : <==      Total: 1 
18:04:21.093 DEBUG --- [http-nio-9100-exec-9] c.p.e.m.BoardMapper.selectBoardList : ==>  Preparing: SELECT @ROWNUM := @ROWNUM - 1 AS ROWNUM, ta.*, tb.user_id, tb.user_name FROM board ta LEFT JOIN user tb ON ta.user_id = tb.user_id, (SELECT @rownum := (SELECT COUNT(*)-?+1 FROM board ta)) tc ORDER BY a_group DESC, a_order DESC LIMIT ?,5 
18:04:21.093 DEBUG --- [http-nio-9100-exec-9] c.p.e.m.BoardMapper.selectBoardList : ==> Parameters: 0(Integer), 0(Integer) 
18:04:21.101 TRACE --- [http-nio-9100-exec-9] c.p.e.m.BoardMapper.selectBoardList : <==    Columns: ROWNUM, a_idx, a_title, a_count, a_content, a_group, a_order, a_depth, a_date, user_id, user_id, user_name 
18:04:21.101 TRACE --- [http-nio-9100-exec-9] c.p.e.m.BoardMapper.selectBoardList : <==        Row: 7.0, 195, 회원탈퇴를 하고 싶어요, 3, <<BLOB>>, 195, 2, 1, 2021-07-23 09:49:51, c, c, 사용자2 
18:04:21.102 TRACE --- [http-nio-9100-exec-9] c.p.e.m.BoardMapper.selectBoardList : <==        Row: 6.0, 197, 회원탈퇴 관련 답변, 1, <<BLOB>>, 195, 1, 2, 2021-07-23 09:50:38, cju, cju, 관리자 
18:04:21.103 TRACE --- [http-nio-9100-exec-9] c.p.e.m.BoardMapper.selectBoardList : <==        Row: 5.0, 199, 완료되었습니다., 0, <<BLOB>>, 195, 0, 3, 2021-08-02 10:41:34, cju, cju, 관리자 
18:04:21.104 TRACE --- [http-nio-9100-exec-9] c.p.e.m.BoardMapper.selectBoardList : <==        Row: 4.0, 194, 환불 하고 싶어요, 0, <<BLOB>>, 194, 0, 1, 2021-07-23 09:49:27, c, c, 사용자2 
18:04:21.105 TRACE --- [http-nio-9100-exec-9] c.p.e.m.BoardMapper.selectBoardList : <==        Row: 3.0, 193, 재고 언제쯤 들어오나요?, 3, <<BLOB>>, 193, 0, 1, 2021-07-23 09:49:08, c, c, 사용자2 
18:04:21.106 DEBUG --- [http-nio-9100-exec-9] c.p.e.m.BoardMapper.selectBoardList : <==      Total: 5 
18:06:08.301 DEBUG --- [http-nio-9100-exec-1] c.p.e.m.ProductMapper.imageByRank : ==>  Preparing: SELECT pi_unique AS image, ta.p_id as id, ta.order_count, tb.p_name AS name, tb.p_price as price FROM product_img LEFT JOIN (SELECT p_id, SUM(od_count) order_count FROM order_detail GROUP BY p_id) ta ON ta.p_id = product_img.p_id LEFT JOIN product tb ON tb.p_id = ta.p_id ORDER BY order_count DESC 
18:06:08.301 DEBUG --- [http-nio-9100-exec-1] c.p.e.m.ProductMapper.imageByRank : ==> Parameters:  
18:06:08.302 DEBUG --- [http-nio-9100-exec-2] c.p.e.mapper.BoardMapper.countBoard : ==>  Preparing: SELECT COUNT(*) count FROM board 
18:06:08.302 DEBUG --- [http-nio-9100-exec-2] c.p.e.mapper.BoardMapper.countBoard : ==> Parameters:  
18:06:08.309 TRACE --- [http-nio-9100-exec-2] c.p.e.mapper.BoardMapper.countBoard : <==    Columns: count 
18:06:08.309 TRACE --- [http-nio-9100-exec-1] c.p.e.m.ProductMapper.imageByRank : <==    Columns: image, id, order_count, name, price 
18:06:08.309 TRACE --- [http-nio-9100-exec-2] c.p.e.mapper.BoardMapper.countBoard : <==        Row: 7 
18:06:08.309 TRACE --- [http-nio-9100-exec-1] c.p.e.m.ProductMapper.imageByRank : <==        Row: 20210716_1038513, 6, 13, 회색 셔츠, 25000 
18:06:08.309 DEBUG --- [http-nio-9100-exec-2] c.p.e.mapper.BoardMapper.countBoard : <==      Total: 1 
18:06:08.309 TRACE --- [http-nio-9100-exec-1] c.p.e.m.ProductMapper.imageByRank : <==        Row: 20210716_1034622, 4, 12, 흰색긴팔티셔츠, 10000 
18:06:08.310 TRACE --- [http-nio-9100-exec-1] c.p.e.m.ProductMapper.imageByRank : <==        Row: 20210716_1041215, 8, 6, 검정 슬랙스, 30000 
18:06:08.310 DEBUG --- [http-nio-9100-exec-2] c.p.e.m.BoardMapper.selectBoardList : ==>  Preparing: SELECT @ROWNUM := @ROWNUM - 1 AS ROWNUM, ta.*, tb.user_id, tb.user_name FROM board ta LEFT JOIN user tb ON ta.user_id = tb.user_id, (SELECT @rownum := (SELECT COUNT(*)-?+1 FROM board ta)) tc ORDER BY a_group DESC, a_order DESC LIMIT ?,5 
18:06:08.310 TRACE --- [http-nio-9100-exec-1] c.p.e.m.ProductMapper.imageByRank : <==        Row: 20210716_1038392, 5, 3, 흰색 셔츠, 15000 
18:06:08.310 DEBUG --- [http-nio-9100-exec-2] c.p.e.m.BoardMapper.selectBoardList : ==> Parameters: 0(Integer), 0(Integer) 
18:06:08.310 TRACE --- [http-nio-9100-exec-1] c.p.e.m.ProductMapper.imageByRank : <==        Row: 2, 3, 2, 반팔티셔츠, 100 
18:06:08.310 TRACE --- [http-nio-9100-exec-1] c.p.e.m.ProductMapper.imageByRank : <==        Row: 20210723_0931614, null, null, null, null 
18:06:08.311 TRACE --- [http-nio-9100-exec-1] c.p.e.m.ProductMapper.imageByRank : <==        Row: 20210723_0934988, null, null, null, null 
18:06:08.311 TRACE --- [http-nio-9100-exec-1] c.p.e.m.ProductMapper.imageByRank : <==        Row: 20210715_1053209, null, null, null, null 
18:06:08.311 TRACE --- [http-nio-9100-exec-1] c.p.e.m.ProductMapper.imageByRank : <==        Row: 20210716_1042423, null, null, null, null 
18:06:08.311 TRACE --- [http-nio-9100-exec-1] c.p.e.m.ProductMapper.imageByRank : <==        Row: 20210723_0930534, null, null, null, null 
18:06:08.312 TRACE --- [http-nio-9100-exec-1] c.p.e.m.ProductMapper.imageByRank : <==        Row: 3, null, null, null, null 
18:06:08.312 TRACE --- [http-nio-9100-exec-1] c.p.e.m.ProductMapper.imageByRank : <==        Row: 20210723_0933694, null, null, null, null 
18:06:08.312 TRACE --- [http-nio-9100-exec-1] c.p.e.m.ProductMapper.imageByRank : <==        Row: 20210715_1049258, null, null, null, null 
18:06:08.312 TRACE --- [http-nio-9100-exec-1] c.p.e.m.ProductMapper.imageByRank : <==        Row: 20210723_0935781, null, null, null, null 
18:06:08.312 TRACE --- [http-nio-9100-exec-1] c.p.e.m.ProductMapper.imageByRank : <==        Row: 20210723_0930980, null, null, null, null 
18:06:08.312 TRACE --- [http-nio-9100-exec-1] c.p.e.m.ProductMapper.imageByRank : <==        Row: 20210723_0932213, null, null, null, null 
18:06:08.312 TRACE --- [http-nio-9100-exec-1] c.p.e.m.ProductMapper.imageByRank : <==        Row: 20210715_1047214, null, null, null, null 
18:06:08.312 TRACE --- [http-nio-9100-exec-1] c.p.e.m.ProductMapper.imageByRank : <==        Row: 20210723_0935917, null, null, null, null 
18:06:08.312 TRACE --- [http-nio-9100-exec-1] c.p.e.m.ProductMapper.imageByRank : <==        Row: 20210716_103900, null, null, null, null 
18:06:08.313 TRACE --- [http-nio-9100-exec-1] c.p.e.m.ProductMapper.imageByRank : <==        Row: 20210716_1042256, null, null, null, null 
18:06:08.313 DEBUG --- [http-nio-9100-exec-1] c.p.e.m.ProductMapper.imageByRank : <==      Total: 20 
18:06:08.317 TRACE --- [http-nio-9100-exec-2] c.p.e.m.BoardMapper.selectBoardList : <==    Columns: ROWNUM, a_idx, a_title, a_count, a_content, a_group, a_order, a_depth, a_date, user_id, user_id, user_name 
18:06:08.318 TRACE --- [http-nio-9100-exec-2] c.p.e.m.BoardMapper.selectBoardList : <==        Row: 7.0, 195, 회원탈퇴를 하고 싶어요, 3, <<BLOB>>, 195, 2, 1, 2021-07-23 09:49:51, c, c, 사용자2 
18:06:08.319 TRACE --- [http-nio-9100-exec-2] c.p.e.m.BoardMapper.selectBoardList : <==        Row: 6.0, 197, 회원탈퇴 관련 답변, 1, <<BLOB>>, 195, 1, 2, 2021-07-23 09:50:38, cju, cju, 관리자 
18:06:08.320 TRACE --- [http-nio-9100-exec-2] c.p.e.m.BoardMapper.selectBoardList : <==        Row: 5.0, 199, 완료되었습니다., 0, <<BLOB>>, 195, 0, 3, 2021-08-02 10:41:34, cju, cju, 관리자 
18:06:08.322 TRACE --- [http-nio-9100-exec-2] c.p.e.m.BoardMapper.selectBoardList : <==        Row: 4.0, 194, 환불 하고 싶어요, 0, <<BLOB>>, 194, 0, 1, 2021-07-23 09:49:27, c, c, 사용자2 
18:06:08.323 TRACE --- [http-nio-9100-exec-2] c.p.e.m.BoardMapper.selectBoardList : <==        Row: 3.0, 193, 재고 언제쯤 들어오나요?, 3, <<BLOB>>, 193, 0, 1, 2021-07-23 09:49:08, c, c, 사용자2 
18:06:08.324 DEBUG --- [http-nio-9100-exec-2] c.p.e.m.BoardMapper.selectBoardList : <==      Total: 5 
18:06:36.410 DEBUG --- [http-nio-9100-exec-3] c.p.e.m.ProductMapper.imageByRank : ==>  Preparing: SELECT pi_unique AS image, ta.p_id as id, ta.order_count, tb.p_name AS name, tb.p_price as price FROM product_img LEFT JOIN (SELECT p_id, SUM(od_count) order_count FROM order_detail GROUP BY p_id) ta ON ta.p_id = product_img.p_id LEFT JOIN product tb ON tb.p_id = ta.p_id ORDER BY order_count DESC 
18:06:36.410 DEBUG --- [http-nio-9100-exec-3] c.p.e.m.ProductMapper.imageByRank : ==> Parameters:  
18:06:36.419 TRACE --- [http-nio-9100-exec-3] c.p.e.m.ProductMapper.imageByRank : <==    Columns: image, id, order_count, name, price 
18:06:36.419 TRACE --- [http-nio-9100-exec-3] c.p.e.m.ProductMapper.imageByRank : <==        Row: 20210716_1038513, 6, 13, 회색 셔츠, 25000 
18:06:36.419 TRACE --- [http-nio-9100-exec-3] c.p.e.m.ProductMapper.imageByRank : <==        Row: 20210716_1034622, 4, 12, 흰색긴팔티셔츠, 10000 
18:06:36.420 TRACE --- [http-nio-9100-exec-3] c.p.e.m.ProductMapper.imageByRank : <==        Row: 20210716_1041215, 8, 6, 검정 슬랙스, 30000 
18:06:36.420 TRACE --- [http-nio-9100-exec-3] c.p.e.m.ProductMapper.imageByRank : <==        Row: 20210716_1038392, 5, 3, 흰색 셔츠, 15000 
18:06:36.420 TRACE --- [http-nio-9100-exec-3] c.p.e.m.ProductMapper.imageByRank : <==        Row: 2, 3, 2, 반팔티셔츠, 100 
18:06:36.420 TRACE --- [http-nio-9100-exec-3] c.p.e.m.ProductMapper.imageByRank : <==        Row: 20210723_0931614, null, null, null, null 
18:06:36.420 TRACE --- [http-nio-9100-exec-3] c.p.e.m.ProductMapper.imageByRank : <==        Row: 20210723_0934988, null, null, null, null 
18:06:36.420 TRACE --- [http-nio-9100-exec-3] c.p.e.m.ProductMapper.imageByRank : <==        Row: 20210715_1053209, null, null, null, null 
18:06:36.420 TRACE --- [http-nio-9100-exec-3] c.p.e.m.ProductMapper.imageByRank : <==        Row: 20210716_1042423, null, null, null, null 
18:06:36.421 TRACE --- [http-nio-9100-exec-3] c.p.e.m.ProductMapper.imageByRank : <==        Row: 20210723_0930534, null, null, null, null 
18:06:36.421 TRACE --- [http-nio-9100-exec-3] c.p.e.m.ProductMapper.imageByRank : <==        Row: 3, null, null, null, null 
18:06:36.421 TRACE --- [http-nio-9100-exec-3] c.p.e.m.ProductMapper.imageByRank : <==        Row: 20210723_0933694, null, null, null, null 
18:06:36.421 TRACE --- [http-nio-9100-exec-3] c.p.e.m.ProductMapper.imageByRank : <==        Row: 20210715_1049258, null, null, null, null 
18:06:36.421 TRACE --- [http-nio-9100-exec-3] c.p.e.m.ProductMapper.imageByRank : <==        Row: 20210723_0935781, null, null, null, null 
18:06:36.421 TRACE --- [http-nio-9100-exec-3] c.p.e.m.ProductMapper.imageByRank : <==        Row: 20210723_0930980, null, null, null, null 
18:06:36.421 TRACE --- [http-nio-9100-exec-3] c.p.e.m.ProductMapper.imageByRank : <==        Row: 20210723_0932213, null, null, null, null 
18:06:36.421 TRACE --- [http-nio-9100-exec-3] c.p.e.m.ProductMapper.imageByRank : <==        Row: 20210715_1047214, null, null, null, null 
18:06:36.421 TRACE --- [http-nio-9100-exec-3] c.p.e.m.ProductMapper.imageByRank : <==        Row: 20210723_0935917, null, null, null, null 
18:06:36.421 TRACE --- [http-nio-9100-exec-3] c.p.e.m.ProductMapper.imageByRank : <==        Row: 20210716_103900, null, null, null, null 
18:06:36.422 TRACE --- [http-nio-9100-exec-3] c.p.e.m.ProductMapper.imageByRank : <==        Row: 20210716_1042256, null, null, null, null 
18:06:36.422 DEBUG --- [http-nio-9100-exec-3] c.p.e.m.ProductMapper.imageByRank : <==      Total: 20 
18:06:46.206 DEBUG --- [http-nio-9100-exec-4] c.p.e.mapper.BoardMapper.countBoard : ==>  Preparing: SELECT COUNT(*) count FROM board 
18:06:46.206 DEBUG --- [http-nio-9100-exec-4] c.p.e.mapper.BoardMapper.countBoard : ==> Parameters:  
18:06:46.214 TRACE --- [http-nio-9100-exec-4] c.p.e.mapper.BoardMapper.countBoard : <==    Columns: count 
18:06:46.214 TRACE --- [http-nio-9100-exec-4] c.p.e.mapper.BoardMapper.countBoard : <==        Row: 7 
18:06:46.214 DEBUG --- [http-nio-9100-exec-4] c.p.e.mapper.BoardMapper.countBoard : <==      Total: 1 
18:06:46.214 DEBUG --- [http-nio-9100-exec-4] c.p.e.m.BoardMapper.selectBoardList : ==>  Preparing: SELECT @ROWNUM := @ROWNUM - 1 AS ROWNUM, ta.*, tb.user_id, tb.user_name FROM board ta LEFT JOIN user tb ON ta.user_id = tb.user_id, (SELECT @rownum := (SELECT COUNT(*)-?+1 FROM board ta)) tc ORDER BY a_group DESC, a_order DESC LIMIT ?,5 
18:06:46.215 DEBUG --- [http-nio-9100-exec-4] c.p.e.m.BoardMapper.selectBoardList : ==> Parameters: 0(Integer), 0(Integer) 
18:06:46.222 TRACE --- [http-nio-9100-exec-4] c.p.e.m.BoardMapper.selectBoardList : <==    Columns: ROWNUM, a_idx, a_title, a_count, a_content, a_group, a_order, a_depth, a_date, user_id, user_id, user_name 
18:06:46.223 TRACE --- [http-nio-9100-exec-4] c.p.e.m.BoardMapper.selectBoardList : <==        Row: 7.0, 195, 회원탈퇴를 하고 싶어요, 3, <<BLOB>>, 195, 2, 1, 2021-07-23 09:49:51, c, c, 사용자2 
18:06:46.226 TRACE --- [http-nio-9100-exec-4] c.p.e.m.BoardMapper.selectBoardList : <==        Row: 6.0, 197, 회원탈퇴 관련 답변, 1, <<BLOB>>, 195, 1, 2, 2021-07-23 09:50:38, cju, cju, 관리자 
18:06:46.226 TRACE --- [http-nio-9100-exec-4] c.p.e.m.BoardMapper.selectBoardList : <==        Row: 5.0, 199, 완료되었습니다., 0, <<BLOB>>, 195, 0, 3, 2021-08-02 10:41:34, cju, cju, 관리자 
18:06:46.228 TRACE --- [http-nio-9100-exec-4] c.p.e.m.BoardMapper.selectBoardList : <==        Row: 4.0, 194, 환불 하고 싶어요, 0, <<BLOB>>, 194, 0, 1, 2021-07-23 09:49:27, c, c, 사용자2 
18:06:46.228 TRACE --- [http-nio-9100-exec-4] c.p.e.m.BoardMapper.selectBoardList : <==        Row: 3.0, 193, 재고 언제쯤 들어오나요?, 3, <<BLOB>>, 193, 0, 1, 2021-07-23 09:49:08, c, c, 사용자2 
18:06:46.229 DEBUG --- [http-nio-9100-exec-4] c.p.e.m.BoardMapper.selectBoardList : <==      Total: 5 
18:11:05.665 DEBUG --- [http-nio-9100-exec-7] c.p.e.m.ProductMapper.imageByRank : ==>  Preparing: SELECT pi_unique AS image, ta.p_id as id, ta.order_count, tb.p_name AS name, tb.p_price as price FROM product_img LEFT JOIN (SELECT p_id, SUM(od_count) order_count FROM order_detail GROUP BY p_id) ta ON ta.p_id = product_img.p_id LEFT JOIN product tb ON tb.p_id = ta.p_id ORDER BY order_count DESC 
18:11:05.666 DEBUG --- [http-nio-9100-exec-7] c.p.e.m.ProductMapper.imageByRank : ==> Parameters:  
18:11:05.674 TRACE --- [http-nio-9100-exec-7] c.p.e.m.ProductMapper.imageByRank : <==    Columns: image, id, order_count, name, price 
18:11:05.675 TRACE --- [http-nio-9100-exec-7] c.p.e.m.ProductMapper.imageByRank : <==        Row: 20210716_1038513, 6, 13, 회색 셔츠, 25000 
18:11:05.675 TRACE --- [http-nio-9100-exec-7] c.p.e.m.ProductMapper.imageByRank : <==        Row: 20210716_1034622, 4, 12, 흰색긴팔티셔츠, 10000 
18:11:05.675 TRACE --- [http-nio-9100-exec-7] c.p.e.m.ProductMapper.imageByRank : <==        Row: 20210716_1041215, 8, 6, 검정 슬랙스, 30000 
18:11:05.675 TRACE --- [http-nio-9100-exec-7] c.p.e.m.ProductMapper.imageByRank : <==        Row: 20210716_1038392, 5, 3, 흰색 셔츠, 15000 
18:11:05.676 TRACE --- [http-nio-9100-exec-7] c.p.e.m.ProductMapper.imageByRank : <==        Row: 2, 3, 2, 반팔티셔츠, 100 
18:11:05.676 TRACE --- [http-nio-9100-exec-7] c.p.e.m.ProductMapper.imageByRank : <==        Row: 20210723_0931614, null, null, null, null 
18:11:05.676 TRACE --- [http-nio-9100-exec-7] c.p.e.m.ProductMapper.imageByRank : <==        Row: 20210723_0934988, null, null, null, null 
18:11:05.676 TRACE --- [http-nio-9100-exec-7] c.p.e.m.ProductMapper.imageByRank : <==        Row: 20210715_1053209, null, null, null, null 
18:11:05.676 TRACE --- [http-nio-9100-exec-7] c.p.e.m.ProductMapper.imageByRank : <==        Row: 20210716_1042423, null, null, null, null 
18:11:05.676 TRACE --- [http-nio-9100-exec-7] c.p.e.m.ProductMapper.imageByRank : <==        Row: 20210723_0930534, null, null, null, null 
18:11:05.676 TRACE --- [http-nio-9100-exec-7] c.p.e.m.ProductMapper.imageByRank : <==        Row: 3, null, null, null, null 
18:11:05.676 TRACE --- [http-nio-9100-exec-7] c.p.e.m.ProductMapper.imageByRank : <==        Row: 20210723_0933694, null, null, null, null 
18:11:05.676 TRACE --- [http-nio-9100-exec-7] c.p.e.m.ProductMapper.imageByRank : <==        Row: 20210715_1049258, null, null, null, null 
18:11:05.677 TRACE --- [http-nio-9100-exec-7] c.p.e.m.ProductMapper.imageByRank : <==        Row: 20210723_0935781, null, null, null, null 
18:11:05.677 TRACE --- [http-nio-9100-exec-7] c.p.e.m.ProductMapper.imageByRank : <==        Row: 20210723_0930980, null, null, null, null 
18:11:05.677 TRACE --- [http-nio-9100-exec-7] c.p.e.m.ProductMapper.imageByRank : <==        Row: 20210723_0932213, null, null, null, null 
18:11:05.677 TRACE --- [http-nio-9100-exec-7] c.p.e.m.ProductMapper.imageByRank : <==        Row: 20210715_1047214, null, null, null, null 
18:11:05.677 TRACE --- [http-nio-9100-exec-7] c.p.e.m.ProductMapper.imageByRank : <==        Row: 20210723_0935917, null, null, null, null 
18:11:05.677 TRACE --- [http-nio-9100-exec-7] c.p.e.m.ProductMapper.imageByRank : <==        Row: 20210716_103900, null, null, null, null 
18:11:05.677 TRACE --- [http-nio-9100-exec-7] c.p.e.m.ProductMapper.imageByRank : <==        Row: 20210716_1042256, null, null, null, null 
18:11:05.677 DEBUG --- [http-nio-9100-exec-7] c.p.e.m.ProductMapper.imageByRank : <==      Total: 20 
18:11:47.451 DEBUG --- [http-nio-9100-exec-8] c.p.e.m.ProductMapper.imageByRank : ==>  Preparing: SELECT pi_unique AS image, ta.p_id as id, ta.order_count, tb.p_name AS name, tb.p_price as price FROM product_img LEFT JOIN (SELECT p_id, SUM(od_count) order_count FROM order_detail GROUP BY p_id) ta ON ta.p_id = product_img.p_id LEFT JOIN product tb ON tb.p_id = ta.p_id ORDER BY order_count DESC 
18:11:47.452 DEBUG --- [http-nio-9100-exec-8] c.p.e.m.ProductMapper.imageByRank : ==> Parameters:  
18:11:47.461 TRACE --- [http-nio-9100-exec-8] c.p.e.m.ProductMapper.imageByRank : <==    Columns: image, id, order_count, name, price 
18:11:47.461 TRACE --- [http-nio-9100-exec-8] c.p.e.m.ProductMapper.imageByRank : <==        Row: 20210716_1038513, 6, 13, 회색 셔츠, 25000 
18:11:47.461 TRACE --- [http-nio-9100-exec-8] c.p.e.m.ProductMapper.imageByRank : <==        Row: 20210716_1034622, 4, 12, 흰색긴팔티셔츠, 10000 
18:11:47.461 TRACE --- [http-nio-9100-exec-8] c.p.e.m.ProductMapper.imageByRank : <==        Row: 20210716_1041215, 8, 6, 검정 슬랙스, 30000 
18:11:47.461 TRACE --- [http-nio-9100-exec-8] c.p.e.m.ProductMapper.imageByRank : <==        Row: 20210716_1038392, 5, 3, 흰색 셔츠, 15000 
18:11:47.462 TRACE --- [http-nio-9100-exec-8] c.p.e.m.ProductMapper.imageByRank : <==        Row: 2, 3, 2, 반팔티셔츠, 100 
18:11:47.462 TRACE --- [http-nio-9100-exec-8] c.p.e.m.ProductMapper.imageByRank : <==        Row: 20210723_0931614, null, null, null, null 
18:11:47.462 TRACE --- [http-nio-9100-exec-8] c.p.e.m.ProductMapper.imageByRank : <==        Row: 20210723_0934988, null, null, null, null 
18:11:47.462 TRACE --- [http-nio-9100-exec-8] c.p.e.m.ProductMapper.imageByRank : <==        Row: 20210715_1053209, null, null, null, null 
18:11:47.462 TRACE --- [http-nio-9100-exec-8] c.p.e.m.ProductMapper.imageByRank : <==        Row: 20210716_1042423, null, null, null, null 
18:11:47.462 TRACE --- [http-nio-9100-exec-8] c.p.e.m.ProductMapper.imageByRank : <==        Row: 20210723_0930534, null, null, null, null 
18:11:47.462 TRACE --- [http-nio-9100-exec-8] c.p.e.m.ProductMapper.imageByRank : <==        Row: 3, null, null, null, null 
18:11:47.462 TRACE --- [http-nio-9100-exec-8] c.p.e.m.ProductMapper.imageByRank : <==        Row: 20210723_0933694, null, null, null, null 
18:11:47.462 TRACE --- [http-nio-9100-exec-8] c.p.e.m.ProductMapper.imageByRank : <==        Row: 20210715_1049258, null, null, null, null 
18:11:47.462 TRACE --- [http-nio-9100-exec-8] c.p.e.m.ProductMapper.imageByRank : <==        Row: 20210723_0935781, null, null, null, null 
18:11:47.462 TRACE --- [http-nio-9100-exec-8] c.p.e.m.ProductMapper.imageByRank : <==        Row: 20210723_0930980, null, null, null, null 
18:11:47.463 TRACE --- [http-nio-9100-exec-8] c.p.e.m.ProductMapper.imageByRank : <==        Row: 20210723_0932213, null, null, null, null 
18:11:47.463 TRACE --- [http-nio-9100-exec-8] c.p.e.m.ProductMapper.imageByRank : <==        Row: 20210715_1047214, null, null, null, null 
18:11:47.463 TRACE --- [http-nio-9100-exec-8] c.p.e.m.ProductMapper.imageByRank : <==        Row: 20210723_0935917, null, null, null, null 
18:11:47.463 TRACE --- [http-nio-9100-exec-8] c.p.e.m.ProductMapper.imageByRank : <==        Row: 20210716_103900, null, null, null, null 
18:11:47.463 TRACE --- [http-nio-9100-exec-8] c.p.e.m.ProductMapper.imageByRank : <==        Row: 20210716_1042256, null, null, null, null 
18:11:47.463 DEBUG --- [http-nio-9100-exec-8] c.p.e.m.ProductMapper.imageByRank : <==      Total: 20 
18:12:21.337 DEBUG --- [http-nio-9100-exec-9] c.p.e.m.ProductMapper.imageByRank : ==>  Preparing: SELECT pi_unique AS image, ta.p_id as id, ta.order_count, tb.p_name AS name, tb.p_price as price FROM product_img LEFT JOIN (SELECT p_id, SUM(od_count) order_count FROM order_detail GROUP BY p_id) ta ON ta.p_id = product_img.p_id LEFT JOIN product tb ON tb.p_id = ta.p_id ORDER BY order_count DESC 
18:12:21.338 DEBUG --- [http-nio-9100-exec-9] c.p.e.m.ProductMapper.imageByRank : ==> Parameters:  
18:12:21.349 TRACE --- [http-nio-9100-exec-9] c.p.e.m.ProductMapper.imageByRank : <==    Columns: image, id, order_count, name, price 
18:12:21.349 TRACE --- [http-nio-9100-exec-9] c.p.e.m.ProductMapper.imageByRank : <==        Row: 20210716_1038513, 6, 13, 회색 셔츠, 25000 
18:12:21.350 TRACE --- [http-nio-9100-exec-9] c.p.e.m.ProductMapper.imageByRank : <==        Row: 20210716_1034622, 4, 12, 흰색긴팔티셔츠, 10000 
18:12:21.350 TRACE --- [http-nio-9100-exec-9] c.p.e.m.ProductMapper.imageByRank : <==        Row: 20210716_1041215, 8, 6, 검정 슬랙스, 30000 
18:12:21.350 TRACE --- [http-nio-9100-exec-9] c.p.e.m.ProductMapper.imageByRank : <==        Row: 20210716_1038392, 5, 3, 흰색 셔츠, 15000 
18:12:21.350 TRACE --- [http-nio-9100-exec-9] c.p.e.m.ProductMapper.imageByRank : <==        Row: 2, 3, 2, 반팔티셔츠, 100 
18:12:21.350 TRACE --- [http-nio-9100-exec-9] c.p.e.m.ProductMapper.imageByRank : <==        Row: 20210723_0931614, null, null, null, null 
18:12:21.350 TRACE --- [http-nio-9100-exec-9] c.p.e.m.ProductMapper.imageByRank : <==        Row: 20210723_0934988, null, null, null, null 
18:12:21.350 TRACE --- [http-nio-9100-exec-9] c.p.e.m.ProductMapper.imageByRank : <==        Row: 20210715_1053209, null, null, null, null 
18:12:21.350 TRACE --- [http-nio-9100-exec-9] c.p.e.m.ProductMapper.imageByRank : <==        Row: 20210716_1042423, null, null, null, null 
18:12:21.351 TRACE --- [http-nio-9100-exec-9] c.p.e.m.ProductMapper.imageByRank : <==        Row: 20210723_0930534, null, null, null, null 
18:12:21.351 TRACE --- [http-nio-9100-exec-9] c.p.e.m.ProductMapper.imageByRank : <==        Row: 3, null, null, null, null 
18:12:21.351 TRACE --- [http-nio-9100-exec-9] c.p.e.m.ProductMapper.imageByRank : <==        Row: 20210723_0933694, null, null, null, null 
18:12:21.351 TRACE --- [http-nio-9100-exec-9] c.p.e.m.ProductMapper.imageByRank : <==        Row: 20210715_1049258, null, null, null, null 
18:12:21.351 TRACE --- [http-nio-9100-exec-9] c.p.e.m.ProductMapper.imageByRank : <==        Row: 20210723_0935781, null, null, null, null 
18:12:21.351 TRACE --- [http-nio-9100-exec-9] c.p.e.m.ProductMapper.imageByRank : <==        Row: 20210723_0930980, null, null, null, null 
18:12:21.351 TRACE --- [http-nio-9100-exec-9] c.p.e.m.ProductMapper.imageByRank : <==        Row: 20210723_0932213, null, null, null, null 
18:12:21.351 TRACE --- [http-nio-9100-exec-9] c.p.e.m.ProductMapper.imageByRank : <==        Row: 20210715_1047214, null, null, null, null 
18:12:21.351 TRACE --- [http-nio-9100-exec-9] c.p.e.m.ProductMapper.imageByRank : <==        Row: 20210723_0935917, null, null, null, null 
18:12:21.351 TRACE --- [http-nio-9100-exec-9] c.p.e.m.ProductMapper.imageByRank : <==        Row: 20210716_103900, null, null, null, null 
18:12:21.352 TRACE --- [http-nio-9100-exec-9] c.p.e.m.ProductMapper.imageByRank : <==        Row: 20210716_1042256, null, null, null, null 
18:12:21.352 DEBUG --- [http-nio-9100-exec-9] c.p.e.m.ProductMapper.imageByRank : <==      Total: 20 
18:12:26.550 INFO  --- [http-nio-9100-exec-1] c.p.e.controller.AuthController : testLoginRequest [username=cju, password=1234] 
18:12:26.637 DEBUG --- [http-nio-9100-exec-1] c.p.e.mapper.UserMapper.readUser : ==>  Preparing: SELECT user_id as username, user_password as password, user_name as name, user_phone as phone, user_email as email, user_address as address, user_isAccountNonExpired as isAccountNonExpired, user_isAccountNonLocked as isAccountNonLocked, user_isCredentialNonExpired as isCredentialsNonExpired, user_isEnabled as isEnabled FROM user WHERE 1=1 AND user_id = ? 
18:12:26.637 DEBUG --- [http-nio-9100-exec-1] c.p.e.mapper.UserMapper.readUser : ==> Parameters: cju(String) 
18:12:26.646 TRACE --- [http-nio-9100-exec-1] c.p.e.mapper.UserMapper.readUser : <==    Columns: username, password, name, phone, email, address, isAccountNonExpired, isAccountNonLocked, isCredentialsNonExpired, isEnabled 
18:12:26.646 TRACE --- [http-nio-9100-exec-1] c.p.e.mapper.UserMapper.readUser : <==        Row: cju, $2a$10$D95.jprxWI183p/Jhgy3G.rMCKaeleQbRCk4MAu6WdNIk6TUo5Ac6, 관리자, 010-1234-5678, cju@naver.com, 대구, 1, 1, 1, 1 
18:12:26.646 DEBUG --- [http-nio-9100-exec-1] c.p.e.mapper.UserMapper.readUser : <==      Total: 1 
18:12:26.646 DEBUG --- [http-nio-9100-exec-1] c.p.e.m.UserMapper.readAuthorities : ==>  Preparing: SELECT user_auth FROM userauth WHERE 1=1 AND user_id = ? 
18:12:26.647 DEBUG --- [http-nio-9100-exec-1] c.p.e.m.UserMapper.readAuthorities : ==> Parameters: cju(String) 
18:12:26.654 TRACE --- [http-nio-9100-exec-1] c.p.e.m.UserMapper.readAuthorities : <==    Columns: user_auth 
18:12:26.654 TRACE --- [http-nio-9100-exec-1] c.p.e.m.UserMapper.readAuthorities : <==        Row: ROLE_ADMIN 
18:12:26.654 DEBUG --- [http-nio-9100-exec-1] c.p.e.m.UserMapper.readAuthorities : <==      Total: 1 
18:12:26.736 INFO  --- [http-nio-9100-exec-1] c.p.e.controller.AuthController : ddddcom.project.example.domain.User@71672fe3 
18:12:26.833 DEBUG --- [http-nio-9100-exec-2] c.p.e.mapper.UserMapper.readUser : ==>  Preparing: SELECT user_id as username, user_password as password, user_name as name, user_phone as phone, user_email as email, user_address as address, user_isAccountNonExpired as isAccountNonExpired, user_isAccountNonLocked as isAccountNonLocked, user_isCredentialNonExpired as isCredentialsNonExpired, user_isEnabled as isEnabled FROM user WHERE 1=1 AND user_id = ? 
18:12:26.833 DEBUG --- [http-nio-9100-exec-2] c.p.e.mapper.UserMapper.readUser : ==> Parameters: cju(String) 
18:12:26.842 TRACE --- [http-nio-9100-exec-2] c.p.e.mapper.UserMapper.readUser : <==    Columns: username, password, name, phone, email, address, isAccountNonExpired, isAccountNonLocked, isCredentialsNonExpired, isEnabled 
18:12:26.842 TRACE --- [http-nio-9100-exec-2] c.p.e.mapper.UserMapper.readUser : <==        Row: cju, $2a$10$D95.jprxWI183p/Jhgy3G.rMCKaeleQbRCk4MAu6WdNIk6TUo5Ac6, 관리자, 010-1234-5678, cju@naver.com, 대구, 1, 1, 1, 1 
18:12:26.842 DEBUG --- [http-nio-9100-exec-2] c.p.e.mapper.UserMapper.readUser : <==      Total: 1 
18:12:26.842 DEBUG --- [http-nio-9100-exec-2] c.p.e.m.UserMapper.readAuthorities : ==>  Preparing: SELECT user_auth FROM userauth WHERE 1=1 AND user_id = ? 
18:12:26.842 DEBUG --- [http-nio-9100-exec-2] c.p.e.m.UserMapper.readAuthorities : ==> Parameters: cju(String) 
18:12:26.849 TRACE --- [http-nio-9100-exec-2] c.p.e.m.UserMapper.readAuthorities : <==    Columns: user_auth 
18:12:26.849 TRACE --- [http-nio-9100-exec-2] c.p.e.m.UserMapper.readAuthorities : <==        Row: ROLE_ADMIN 
18:12:26.850 DEBUG --- [http-nio-9100-exec-2] c.p.e.m.UserMapper.readAuthorities : <==      Total: 1 
18:12:26.851 DEBUG --- [http-nio-9100-exec-2] c.p.e.m.ProductMapper.imageByRank : ==>  Preparing: SELECT pi_unique AS image, ta.p_id as id, ta.order_count, tb.p_name AS name, tb.p_price as price FROM product_img LEFT JOIN (SELECT p_id, SUM(od_count) order_count FROM order_detail GROUP BY p_id) ta ON ta.p_id = product_img.p_id LEFT JOIN product tb ON tb.p_id = ta.p_id ORDER BY order_count DESC 
18:12:26.851 DEBUG --- [http-nio-9100-exec-2] c.p.e.m.ProductMapper.imageByRank : ==> Parameters:  
18:12:26.860 TRACE --- [http-nio-9100-exec-2] c.p.e.m.ProductMapper.imageByRank : <==    Columns: image, id, order_count, name, price 
18:12:26.860 TRACE --- [http-nio-9100-exec-2] c.p.e.m.ProductMapper.imageByRank : <==        Row: 20210716_1038513, 6, 13, 회색 셔츠, 25000 
18:12:26.860 TRACE --- [http-nio-9100-exec-2] c.p.e.m.ProductMapper.imageByRank : <==        Row: 20210716_1034622, 4, 12, 흰색긴팔티셔츠, 10000 
18:12:26.860 TRACE --- [http-nio-9100-exec-2] c.p.e.m.ProductMapper.imageByRank : <==        Row: 20210716_1041215, 8, 6, 검정 슬랙스, 30000 
18:12:26.860 TRACE --- [http-nio-9100-exec-2] c.p.e.m.ProductMapper.imageByRank : <==        Row: 20210716_1038392, 5, 3, 흰색 셔츠, 15000 
18:12:26.860 TRACE --- [http-nio-9100-exec-2] c.p.e.m.ProductMapper.imageByRank : <==        Row: 2, 3, 2, 반팔티셔츠, 100 
18:12:26.860 TRACE --- [http-nio-9100-exec-2] c.p.e.m.ProductMapper.imageByRank : <==        Row: 20210715_1053209, null, null, null, null 
18:12:26.861 TRACE --- [http-nio-9100-exec-2] c.p.e.m.ProductMapper.imageByRank : <==        Row: 20210716_1042423, null, null, null, null 
18:12:26.861 TRACE --- [http-nio-9100-exec-2] c.p.e.m.ProductMapper.imageByRank : <==        Row: 20210723_0930534, null, null, null, null 
18:12:26.861 TRACE --- [http-nio-9100-exec-2] c.p.e.m.ProductMapper.imageByRank : <==        Row: 20210723_0933694, null, null, null, null 
18:12:26.861 TRACE --- [http-nio-9100-exec-2] c.p.e.m.ProductMapper.imageByRank : <==        Row: 3, null, null, null, null 
18:12:26.861 TRACE --- [http-nio-9100-exec-2] c.p.e.m.ProductMapper.imageByRank : <==        Row: 20210723_0935781, null, null, null, null 
18:12:26.861 TRACE --- [http-nio-9100-exec-2] c.p.e.m.ProductMapper.imageByRank : <==        Row: 20210715_1049258, null, null, null, null 
18:12:26.861 TRACE --- [http-nio-9100-exec-2] c.p.e.m.ProductMapper.imageByRank : <==        Row: 20210723_0930980, null, null, null, null 
18:12:26.861 TRACE --- [http-nio-9100-exec-2] c.p.e.m.ProductMapper.imageByRank : <==        Row: 20210723_0932213, null, null, null, null 
18:12:26.861 TRACE --- [http-nio-9100-exec-2] c.p.e.m.ProductMapper.imageByRank : <==        Row: 20210723_0935917, null, null, null, null 
18:12:26.861 TRACE --- [http-nio-9100-exec-2] c.p.e.m.ProductMapper.imageByRank : <==        Row: 20210715_1047214, null, null, null, null 
18:12:26.861 TRACE --- [http-nio-9100-exec-2] c.p.e.m.ProductMapper.imageByRank : <==        Row: 20210716_103900, null, null, null, null 
18:12:26.861 TRACE --- [http-nio-9100-exec-2] c.p.e.m.ProductMapper.imageByRank : <==        Row: 20210716_1042256, null, null, null, null 
18:12:26.861 TRACE --- [http-nio-9100-exec-2] c.p.e.m.ProductMapper.imageByRank : <==        Row: 20210723_0931614, null, null, null, null 
18:12:26.861 TRACE --- [http-nio-9100-exec-2] c.p.e.m.ProductMapper.imageByRank : <==        Row: 20210723_0934988, null, null, null, null 
18:12:26.861 DEBUG --- [http-nio-9100-exec-2] c.p.e.m.ProductMapper.imageByRank : <==      Total: 20 
18:39:45.619 ERROR --- [http-nio-9100-exec-4] c.p.e.config.AuthEntryPointJwt : Unauthorized error:Full authentication is required to access this resource 
18:39:45.650 ERROR --- [http-nio-9100-exec-4] o.a.c.c.C.[.[.[.[dispatcherServlet] : Servlet.service() for servlet [dispatcherServlet] threw exception 
javax.servlet.ServletException: Circular view path [error]: would dispatch back to the current handler URL [/error] again. Check your ViewResolver setup! (Hint: This may be the result of an unspecified view, due to default view name generation.)
	at org.springframework.web.servlet.view.InternalResourceView.prepareForRendering(InternalResourceView.java:210)
	at org.springframework.web.servlet.view.InternalResourceView.renderMergedOutputModel(InternalResourceView.java:148)
	at org.springframework.web.servlet.view.AbstractView.render(AbstractView.java:316)
	at org.springframework.web.servlet.DispatcherServlet.render(DispatcherServlet.java:1396)
	at org.springframework.web.servlet.DispatcherServlet.processDispatchResult(DispatcherServlet.java:1141)
	at org.springframework.web.servlet.DispatcherServlet.doDispatch(DispatcherServlet.java:1080)
	at org.springframework.web.servlet.DispatcherServlet.doService(DispatcherServlet.java:963)
	at org.springframework.web.servlet.FrameworkServlet.processRequest(FrameworkServlet.java:1006)
	at org.springframework.web.servlet.FrameworkServlet.doGet(FrameworkServlet.java:898)
	at javax.servlet.http.HttpServlet.service(HttpServlet.java:655)
	at org.springframework.web.servlet.FrameworkServlet.service(FrameworkServlet.java:883)
	at javax.servlet.http.HttpServlet.service(HttpServlet.java:764)
	at org.apache.catalina.core.ApplicationFilterChain.internalDoFilter(ApplicationFilterChain.java:228)
	at org.apache.catalina.core.ApplicationFilterChain.doFilter(ApplicationFilterChain.java:163)
	at org.springframework.web.filter.OncePerRequestFilter.doFilter(OncePerRequestFilter.java:103)
	at org.apache.catalina.core.ApplicationFilterChain.internalDoFilter(ApplicationFilterChain.java:190)
	at org.apache.catalina.core.ApplicationFilterChain.doFilter(ApplicationFilterChain.java:163)
	at org.springframework.security.web.FilterChainProxy$VirtualFilterChain.doFilter(FilterChainProxy.java:327)
	at org.springframework.security.web.access.intercept.FilterSecurityInterceptor.invoke(FilterSecurityInterceptor.java:106)
	at org.springframework.security.web.access.intercept.FilterSecurityInterceptor.doFilter(FilterSecurityInterceptor.java:81)
	at org.springframework.security.web.FilterChainProxy$VirtualFilterChain.doFilter(FilterChainProxy.java:336)
	at org.springframework.security.web.access.ExceptionTranslationFilter.doFilter(ExceptionTranslationFilter.java:121)
	at org.springframework.security.web.access.ExceptionTranslationFilter.doFilter(ExceptionTranslationFilter.java:115)
	at org.springframework.security.web.FilterChainProxy$VirtualFilterChain.doFilter(FilterChainProxy.java:336)
	at org.springframework.security.web.session.SessionManagementFilter.doFilter(SessionManagementFilter.java:87)
	at org.springframework.security.web.session.SessionManagementFilter.doFilter(SessionManagementFilter.java:81)
	at org.springframework.security.web.FilterChainProxy$VirtualFilterChain.doFilter(FilterChainProxy.java:336)
	at org.springframework.security.web.authentication.AnonymousAuthenticationFilter.doFilter(AnonymousAuthenticationFilter.java:105)
	at org.springframework.security.web.FilterChainProxy$VirtualFilterChain.doFilter(FilterChainProxy.java:336)
	at org.springframework.security.web.servletapi.SecurityContextHolderAwareRequestFilter.doFilter(SecurityContextHolderAwareRequestFilter.java:149)
	at org.springframework.security.web.FilterChainProxy$VirtualFilterChain.doFilter(FilterChainProxy.java:336)
	at org.springframework.security.web.savedrequest.RequestCacheAwareFilter.doFilter(RequestCacheAwareFilter.java:63)
	at org.springframework.security.web.FilterChainProxy$VirtualFilterChain.doFilter(FilterChainProxy.java:336)
	at org.springframework.web.filter.OncePerRequestFilter.doFilter(OncePerRequestFilter.java:103)
	at org.springframework.security.web.FilterChainProxy$VirtualFilterChain.doFilter(FilterChainProxy.java:336)
	at org.springframework.security.web.authentication.logout.LogoutFilter.doFilter(LogoutFilter.java:103)
	at org.springframework.security.web.authentication.logout.LogoutFilter.doFilter(LogoutFilter.java:89)
	at org.springframework.security.web.FilterChainProxy$VirtualFilterChain.doFilter(FilterChainProxy.java:336)
	at org.springframework.web.filter.OncePerRequestFilter.doFilter(OncePerRequestFilter.java:103)
	at org.springframework.security.web.FilterChainProxy$VirtualFilterChain.doFilter(FilterChainProxy.java:336)
	at org.springframework.web.filter.OncePerRequestFilter.doFilter(OncePerRequestFilter.java:103)
	at org.springframework.security.web.FilterChainProxy$VirtualFilterChain.doFilter(FilterChainProxy.java:336)
	at org.springframework.security.web.context.SecurityContextPersistenceFilter.doFilter(SecurityContextPersistenceFilter.java:110)
	at org.springframework.security.web.context.SecurityContextPersistenceFilter.doFilter(SecurityContextPersistenceFilter.java:80)
	at org.springframework.security.web.FilterChainProxy$VirtualFilterChain.doFilter(FilterChainProxy.java:336)
	at org.springframework.web.filter.OncePerRequestFilter.doFilter(OncePerRequestFilter.java:103)
	at org.springframework.security.web.FilterChainProxy$VirtualFilterChain.doFilter(FilterChainProxy.java:336)
	at org.springframework.security.web.FilterChainProxy.doFilterInternal(FilterChainProxy.java:211)
	at org.springframework.security.web.FilterChainProxy.doFilter(FilterChainProxy.java:183)
	at org.springframework.web.filter.DelegatingFilterProxy.invokeDelegate(DelegatingFilterProxy.java:358)
	at org.springframework.web.filter.DelegatingFilterProxy.doFilter(DelegatingFilterProxy.java:271)
	at org.apache.catalina.core.ApplicationFilterChain.internalDoFilter(ApplicationFilterChain.java:190)
	at org.apache.catalina.core.ApplicationFilterChain.doFilter(ApplicationFilterChain.java:163)
	at org.springframework.web.filter.OncePerRequestFilter.doFilter(OncePerRequestFilter.java:103)
	at org.apache.catalina.core.ApplicationFilterChain.internalDoFilter(ApplicationFilterChain.java:190)
	at org.apache.catalina.core.ApplicationFilterChain.doFilter(ApplicationFilterChain.java:163)
	at org.apache.catalina.core.ApplicationDispatcher.invoke(ApplicationDispatcher.java:711)
	at org.apache.catalina.core.ApplicationDispatcher.processRequest(ApplicationDispatcher.java:461)
	at org.apache.catalina.core.ApplicationDispatcher.doForward(ApplicationDispatcher.java:385)
	at org.apache.catalina.core.ApplicationDispatcher.forward(ApplicationDispatcher.java:313)
	at org.apache.catalina.core.StandardHostValve.custom(StandardHostValve.java:398)
	at org.apache.catalina.core.StandardHostValve.status(StandardHostValve.java:257)
	at org.apache.catalina.core.StandardHostValve.invoke(StandardHostValve.java:179)
	at org.apache.catalina.valves.ErrorReportValve.invoke(ErrorReportValve.java:92)
	at org.apache.catalina.core.StandardEngineValve.invoke(StandardEngineValve.java:78)
	at org.apache.catalina.connector.CoyoteAdapter.service(CoyoteAdapter.java:357)
	at org.apache.coyote.http11.Http11Processor.service(Http11Processor.java:382)
	at org.apache.coyote.AbstractProcessorLight.process(AbstractProcessorLight.java:65)
	at org.apache.coyote.AbstractProtocol$ConnectionHandler.process(AbstractProtocol.java:893)
	at org.apache.tomcat.util.net.NioEndpoint$SocketProcessor.doRun(NioEndpoint.java:1723)
	at org.apache.tomcat.util.net.SocketProcessorBase.run(SocketProcessorBase.java:49)
	at java.base/java.util.concurrent.ThreadPoolExecutor.runWorker(ThreadPoolExecutor.java:1130)
	at java.base/java.util.concurrent.ThreadPoolExecutor$Worker.run(ThreadPoolExecutor.java:630)
	at org.apache.tomcat.util.threads.TaskThread$WrappingRunnable.run(TaskThread.java:61)
	at java.base/java.lang.Thread.run(Thread.java:832)
18:39:45.650 ERROR --- [http-nio-9100-exec-4] o.a.c.c.C.[Tomcat].[localhost] : Exception Processing ErrorPage[errorCode=0, location=/error] 
javax.servlet.ServletException: Circular view path [error]: would dispatch back to the current handler URL [/error] again. Check your ViewResolver setup! (Hint: This may be the result of an unspecified view, due to default view name generation.)
	at org.springframework.web.servlet.view.InternalResourceView.prepareForRendering(InternalResourceView.java:210)
	at org.springframework.web.servlet.view.InternalResourceView.renderMergedOutputModel(InternalResourceView.java:148)
	at org.springframework.web.servlet.view.AbstractView.render(AbstractView.java:316)
	at org.springframework.web.servlet.DispatcherServlet.render(DispatcherServlet.java:1396)
	at org.springframework.web.servlet.DispatcherServlet.processDispatchResult(DispatcherServlet.java:1141)
	at org.springframework.web.servlet.DispatcherServlet.doDispatch(DispatcherServlet.java:1080)
	at org.springframework.web.servlet.DispatcherServlet.doService(DispatcherServlet.java:963)
	at org.springframework.web.servlet.FrameworkServlet.processRequest(FrameworkServlet.java:1006)
	at org.springframework.web.servlet.FrameworkServlet.doGet(FrameworkServlet.java:898)
	at javax.servlet.http.HttpServlet.service(HttpServlet.java:655)
	at org.springframework.web.servlet.FrameworkServlet.service(FrameworkServlet.java:883)
	at javax.servlet.http.HttpServlet.service(HttpServlet.java:764)
	at org.apache.catalina.core.ApplicationFilterChain.internalDoFilter(ApplicationFilterChain.java:228)
	at org.apache.catalina.core.ApplicationFilterChain.doFilter(ApplicationFilterChain.java:163)
	at org.springframework.web.filter.OncePerRequestFilter.doFilter(OncePerRequestFilter.java:103)
	at org.apache.catalina.core.ApplicationFilterChain.internalDoFilter(ApplicationFilterChain.java:190)
	at org.apache.catalina.core.ApplicationFilterChain.doFilter(ApplicationFilterChain.java:163)
	at org.springframework.security.web.FilterChainProxy$VirtualFilterChain.doFilter(FilterChainProxy.java:327)
	at org.springframework.security.web.access.intercept.FilterSecurityInterceptor.invoke(FilterSecurityInterceptor.java:106)
	at org.springframework.security.web.access.intercept.FilterSecurityInterceptor.doFilter(FilterSecurityInterceptor.java:81)
	at org.springframework.security.web.FilterChainProxy$VirtualFilterChain.doFilter(FilterChainProxy.java:336)
	at org.springframework.security.web.access.ExceptionTranslationFilter.doFilter(ExceptionTranslationFilter.java:121)
	at org.springframework.security.web.access.ExceptionTranslationFilter.doFilter(ExceptionTranslationFilter.java:115)
	at org.springframework.security.web.FilterChainProxy$VirtualFilterChain.doFilter(FilterChainProxy.java:336)
	at org.springframework.security.web.session.SessionManagementFilter.doFilter(SessionManagementFilter.java:87)
	at org.springframework.security.web.session.SessionManagementFilter.doFilter(SessionManagementFilter.java:81)
	at org.springframework.security.web.FilterChainProxy$VirtualFilterChain.doFilter(FilterChainProxy.java:336)
	at org.springframework.security.web.authentication.AnonymousAuthenticationFilter.doFilter(AnonymousAuthenticationFilter.java:105)
	at org.springframework.security.web.FilterChainProxy$VirtualFilterChain.doFilter(FilterChainProxy.java:336)
	at org.springframework.security.web.servletapi.SecurityContextHolderAwareRequestFilter.doFilter(SecurityContextHolderAwareRequestFilter.java:149)
	at org.springframework.security.web.FilterChainProxy$VirtualFilterChain.doFilter(FilterChainProxy.java:336)
	at org.springframework.security.web.savedrequest.RequestCacheAwareFilter.doFilter(RequestCacheAwareFilter.java:63)
	at org.springframework.security.web.FilterChainProxy$VirtualFilterChain.doFilter(FilterChainProxy.java:336)
	at org.springframework.web.filter.OncePerRequestFilter.doFilter(OncePerRequestFilter.java:103)
	at org.springframework.security.web.FilterChainProxy$VirtualFilterChain.doFilter(FilterChainProxy.java:336)
	at org.springframework.security.web.authentication.logout.LogoutFilter.doFilter(LogoutFilter.java:103)
	at org.springframework.security.web.authentication.logout.LogoutFilter.doFilter(LogoutFilter.java:89)
	at org.springframework.security.web.FilterChainProxy$VirtualFilterChain.doFilter(FilterChainProxy.java:336)
	at org.springframework.web.filter.OncePerRequestFilter.doFilter(OncePerRequestFilter.java:103)
	at org.springframework.security.web.FilterChainProxy$VirtualFilterChain.doFilter(FilterChainProxy.java:336)
	at org.springframework.web.filter.OncePerRequestFilter.doFilter(OncePerRequestFilter.java:103)
	at org.springframework.security.web.FilterChainProxy$VirtualFilterChain.doFilter(FilterChainProxy.java:336)
	at org.springframework.security.web.context.SecurityContextPersistenceFilter.doFilter(SecurityContextPersistenceFilter.java:110)
	at org.springframework.security.web.context.SecurityContextPersistenceFilter.doFilter(SecurityContextPersistenceFilter.java:80)
	at org.springframework.security.web.FilterChainProxy$VirtualFilterChain.doFilter(FilterChainProxy.java:336)
	at org.springframework.web.filter.OncePerRequestFilter.doFilter(OncePerRequestFilter.java:103)
	at org.springframework.security.web.FilterChainProxy$VirtualFilterChain.doFilter(FilterChainProxy.java:336)
	at org.springframework.security.web.FilterChainProxy.doFilterInternal(FilterChainProxy.java:211)
	at org.springframework.security.web.FilterChainProxy.doFilter(FilterChainProxy.java:183)
	at org.springframework.web.filter.DelegatingFilterProxy.invokeDelegate(DelegatingFilterProxy.java:358)
	at org.springframework.web.filter.DelegatingFilterProxy.doFilter(DelegatingFilterProxy.java:271)
	at org.apache.catalina.core.ApplicationFilterChain.internalDoFilter(ApplicationFilterChain.java:190)
	at org.apache.catalina.core.ApplicationFilterChain.doFilter(ApplicationFilterChain.java:163)
	at org.springframework.web.filter.OncePerRequestFilter.doFilter(OncePerRequestFilter.java:103)
	at org.apache.catalina.core.ApplicationFilterChain.internalDoFilter(ApplicationFilterChain.java:190)
	at org.apache.catalina.core.ApplicationFilterChain.doFilter(ApplicationFilterChain.java:163)
	at org.apache.catalina.core.ApplicationDispatcher.invoke(ApplicationDispatcher.java:711)
	at org.apache.catalina.core.ApplicationDispatcher.processRequest(ApplicationDispatcher.java:461)
	at org.apache.catalina.core.ApplicationDispatcher.doForward(ApplicationDispatcher.java:385)
	at org.apache.catalina.core.ApplicationDispatcher.forward(ApplicationDispatcher.java:313)
	at org.apache.catalina.core.StandardHostValve.custom(StandardHostValve.java:398)
	at org.apache.catalina.core.StandardHostValve.status(StandardHostValve.java:257)
	at org.apache.catalina.core.StandardHostValve.invoke(StandardHostValve.java:179)
	at org.apache.catalina.valves.ErrorReportValve.invoke(ErrorReportValve.java:92)
	at org.apache.catalina.core.StandardEngineValve.invoke(StandardEngineValve.java:78)
	at org.apache.catalina.connector.CoyoteAdapter.service(CoyoteAdapter.java:357)
	at org.apache.coyote.http11.Http11Processor.service(Http11Processor.java:382)
	at org.apache.coyote.AbstractProcessorLight.process(AbstractProcessorLight.java:65)
	at org.apache.coyote.AbstractProtocol$ConnectionHandler.process(AbstractProtocol.java:893)
	at org.apache.tomcat.util.net.NioEndpoint$SocketProcessor.doRun(NioEndpoint.java:1723)
	at org.apache.tomcat.util.net.SocketProcessorBase.run(SocketProcessorBase.java:49)
	at java.base/java.util.concurrent.ThreadPoolExecutor.runWorker(ThreadPoolExecutor.java:1130)
	at java.base/java.util.concurrent.ThreadPoolExecutor$Worker.run(ThreadPoolExecutor.java:630)
	at org.apache.tomcat.util.threads.TaskThread$WrappingRunnable.run(TaskThread.java:61)
	at java.base/java.lang.Thread.run(Thread.java:832)
18:39:46.562 WARN  --- [http-nio-9100-exec-5] o.s.web.servlet.PageNotFound : No mapping for GET /favicon.ico 
18:41:55.275 DEBUG --- [http-nio-9100-exec-7] c.p.e.m.ProductMapper.imageByRank : ==>  Preparing: SELECT pi_unique AS image, ta.p_id as id, ta.order_count, tb.p_name AS name, tb.p_price as price FROM product_img LEFT JOIN (SELECT p_id, SUM(od_count) order_count FROM order_detail GROUP BY p_id) ta ON ta.p_id = product_img.p_id LEFT JOIN product tb ON tb.p_id = ta.p_id ORDER BY order_count DESC 
18:41:55.275 DEBUG --- [http-nio-9100-exec-7] c.p.e.m.ProductMapper.imageByRank : ==> Parameters:  
18:41:55.286 TRACE --- [http-nio-9100-exec-7] c.p.e.m.ProductMapper.imageByRank : <==    Columns: image, id, order_count, name, price 
18:41:55.286 TRACE --- [http-nio-9100-exec-7] c.p.e.m.ProductMapper.imageByRank : <==        Row: 20210716_1038513, 6, 13, 회색 셔츠, 25000 
18:41:55.286 TRACE --- [http-nio-9100-exec-7] c.p.e.m.ProductMapper.imageByRank : <==        Row: 20210716_1034622, 4, 12, 흰색긴팔티셔츠, 10000 
18:41:55.286 TRACE --- [http-nio-9100-exec-7] c.p.e.m.ProductMapper.imageByRank : <==        Row: 20210716_1041215, 8, 6, 검정 슬랙스, 30000 
18:41:55.286 TRACE --- [http-nio-9100-exec-7] c.p.e.m.ProductMapper.imageByRank : <==        Row: 20210716_1038392, 5, 3, 흰색 셔츠, 15000 
18:41:55.286 TRACE --- [http-nio-9100-exec-7] c.p.e.m.ProductMapper.imageByRank : <==        Row: 2, 3, 2, 반팔티셔츠, 100 
18:41:55.286 TRACE --- [http-nio-9100-exec-7] c.p.e.m.ProductMapper.imageByRank : <==        Row: 20210723_0932213, null, null, null, null 
18:41:55.287 TRACE --- [http-nio-9100-exec-7] c.p.e.m.ProductMapper.imageByRank : <==        Row: 20210715_1047214, null, null, null, null 
18:41:55.287 TRACE --- [http-nio-9100-exec-7] c.p.e.m.ProductMapper.imageByRank : <==        Row: 20210723_0935917, null, null, null, null 
18:41:55.287 TRACE --- [http-nio-9100-exec-7] c.p.e.m.ProductMapper.imageByRank : <==        Row: 20210716_103900, null, null, null, null 
18:41:55.287 TRACE --- [http-nio-9100-exec-7] c.p.e.m.ProductMapper.imageByRank : <==        Row: 20210716_1042256, null, null, null, null 
18:41:55.287 TRACE --- [http-nio-9100-exec-7] c.p.e.m.ProductMapper.imageByRank : <==        Row: 20210723_0931614, null, null, null, null 
18:41:55.287 TRACE --- [http-nio-9100-exec-7] c.p.e.m.ProductMapper.imageByRank : <==        Row: 20210723_0934988, null, null, null, null 
18:41:55.287 TRACE --- [http-nio-9100-exec-7] c.p.e.m.ProductMapper.imageByRank : <==        Row: 20210715_1053209, null, null, null, null 
18:41:55.287 TRACE --- [http-nio-9100-exec-7] c.p.e.m.ProductMapper.imageByRank : <==        Row: 20210716_1042423, null, null, null, null 
18:41:55.287 TRACE --- [http-nio-9100-exec-7] c.p.e.m.ProductMapper.imageByRank : <==        Row: 20210723_0930534, null, null, null, null 
18:41:55.287 TRACE --- [http-nio-9100-exec-7] c.p.e.m.ProductMapper.imageByRank : <==        Row: 3, null, null, null, null 
18:41:55.287 TRACE --- [http-nio-9100-exec-7] c.p.e.m.ProductMapper.imageByRank : <==        Row: 20210723_0933694, null, null, null, null 
18:41:55.288 TRACE --- [http-nio-9100-exec-7] c.p.e.m.ProductMapper.imageByRank : <==        Row: 20210715_1049258, null, null, null, null 
18:41:55.288 TRACE --- [http-nio-9100-exec-7] c.p.e.m.ProductMapper.imageByRank : <==        Row: 20210723_0935781, null, null, null, null 
18:41:55.288 TRACE --- [http-nio-9100-exec-7] c.p.e.m.ProductMapper.imageByRank : <==        Row: 20210723_0930980, null, null, null, null 
18:41:55.288 DEBUG --- [http-nio-9100-exec-7] c.p.e.m.ProductMapper.imageByRank : <==      Total: 20 
18:41:55.291 DEBUG --- [http-nio-9100-exec-8] c.p.e.m.ProductMapper.imageByRank : ==>  Preparing: SELECT pi_unique AS image, ta.p_id as id, ta.order_count, tb.p_name AS name, tb.p_price as price FROM product_img LEFT JOIN (SELECT p_id, SUM(od_count) order_count FROM order_detail GROUP BY p_id) ta ON ta.p_id = product_img.p_id LEFT JOIN product tb ON tb.p_id = ta.p_id ORDER BY order_count DESC 
18:41:55.292 DEBUG --- [http-nio-9100-exec-8] c.p.e.m.ProductMapper.imageByRank : ==> Parameters:  
18:41:55.301 TRACE --- [http-nio-9100-exec-8] c.p.e.m.ProductMapper.imageByRank : <==    Columns: image, id, order_count, name, price 
18:41:55.301 TRACE --- [http-nio-9100-exec-8] c.p.e.m.ProductMapper.imageByRank : <==        Row: 20210716_1038513, 6, 13, 회색 셔츠, 25000 
18:41:55.302 TRACE --- [http-nio-9100-exec-8] c.p.e.m.ProductMapper.imageByRank : <==        Row: 20210716_1034622, 4, 12, 흰색긴팔티셔츠, 10000 
18:41:55.302 TRACE --- [http-nio-9100-exec-8] c.p.e.m.ProductMapper.imageByRank : <==        Row: 20210716_1041215, 8, 6, 검정 슬랙스, 30000 
18:41:55.302 TRACE --- [http-nio-9100-exec-8] c.p.e.m.ProductMapper.imageByRank : <==        Row: 20210716_1038392, 5, 3, 흰색 셔츠, 15000 
18:41:55.302 TRACE --- [http-nio-9100-exec-8] c.p.e.m.ProductMapper.imageByRank : <==        Row: 2, 3, 2, 반팔티셔츠, 100 
18:41:55.302 TRACE --- [http-nio-9100-exec-8] c.p.e.m.ProductMapper.imageByRank : <==        Row: 20210723_0932213, null, null, null, null 
18:41:55.302 TRACE --- [http-nio-9100-exec-8] c.p.e.m.ProductMapper.imageByRank : <==        Row: 20210715_1047214, null, null, null, null 
18:41:55.302 TRACE --- [http-nio-9100-exec-8] c.p.e.m.ProductMapper.imageByRank : <==        Row: 20210723_0935917, null, null, null, null 
18:41:55.302 TRACE --- [http-nio-9100-exec-8] c.p.e.m.ProductMapper.imageByRank : <==        Row: 20210716_103900, null, null, null, null 
18:41:55.303 TRACE --- [http-nio-9100-exec-8] c.p.e.m.ProductMapper.imageByRank : <==        Row: 20210716_1042256, null, null, null, null 
18:41:55.303 TRACE --- [http-nio-9100-exec-8] c.p.e.m.ProductMapper.imageByRank : <==        Row: 20210723_0931614, null, null, null, null 
18:41:55.303 TRACE --- [http-nio-9100-exec-8] c.p.e.m.ProductMapper.imageByRank : <==        Row: 20210723_0934988, null, null, null, null 
18:41:55.303 TRACE --- [http-nio-9100-exec-8] c.p.e.m.ProductMapper.imageByRank : <==        Row: 20210715_1053209, null, null, null, null 
18:41:55.303 TRACE --- [http-nio-9100-exec-8] c.p.e.m.ProductMapper.imageByRank : <==        Row: 20210716_1042423, null, null, null, null 
18:41:55.303 TRACE --- [http-nio-9100-exec-8] c.p.e.m.ProductMapper.imageByRank : <==        Row: 20210723_0930534, null, null, null, null 
18:41:55.303 TRACE --- [http-nio-9100-exec-8] c.p.e.m.ProductMapper.imageByRank : <==        Row: 3, null, null, null, null 
18:41:55.303 TRACE --- [http-nio-9100-exec-8] c.p.e.m.ProductMapper.imageByRank : <==        Row: 20210723_0933694, null, null, null, null 
18:41:55.303 TRACE --- [http-nio-9100-exec-8] c.p.e.m.ProductMapper.imageByRank : <==        Row: 20210715_1049258, null, null, null, null 
18:41:55.303 TRACE --- [http-nio-9100-exec-8] c.p.e.m.ProductMapper.imageByRank : <==        Row: 20210723_0935781, null, null, null, null 
18:41:55.303 TRACE --- [http-nio-9100-exec-8] c.p.e.m.ProductMapper.imageByRank : <==        Row: 20210723_0930980, null, null, null, null 
18:41:55.304 DEBUG --- [http-nio-9100-exec-8] c.p.e.m.ProductMapper.imageByRank : <==      Total: 20 
